# JRE version: OpenJDK Runtime Environment JBR-17.0.7+7-1000.6-jcef (17.0.7+7) (build 17.0.7+7-b1000.6)
# Java VM: OpenJDK 64-Bit Server VM JBR-17.0.7+7-1000.6-jcef (17.0.7+7-b1000.6, mixed mode, tiered, compressed oops, compressed class ptrs, g1 gc, windows-amd64)
GC Precious Log:
 CPUs: 4 total, 4 available
 Memory: 12179M
 Large Page Support: Disabled
 NUMA Support: Disabled
 Compressed Oops: Enabled (32-bit)
 Heap Region Size: 1M
 Heap Min Capacity: 128M
 Heap Initial Capacity: 128M
 Heap Max Capacity: 2G
 Pre-touch: Disabled
 Parallel Workers: 4
 Concurrent Workers: 1
 Concurrent Refinement Workers: 4
 Periodic GC: Disabled
Heap:
 garbage-first heap   total 414720K, used 233984K [0x0000000080000000, 0x0000000100000000)
  region size 1024K, 11 young (11264K), 11 survivors (11264K)
 Metaspace       used 36019K, committed 36352K, reserved 1114112K
  class space    used 3918K, committed 4096K, reserved 1048576K
GC Heap History (20 events):
Event: 0.979 GC heap after
{Heap after GC invocations=2 (full 0):
 garbage-first heap   total 131072K, used 10896K [0x0000000080000000, 0x0000000100000000)
  region size 1024K, 2 young (2048K), 2 survivors (2048K)
 Metaspace       used 19249K, committed 19520K, reserved 1114112K
  class space    used 1839K, committed 1984K, reserved 1048576K
}
Event: 1.087 GC heap before
{Heap before GC invocations=2 (full 0):
 garbage-first heap   total 131072K, used 16016K [0x0000000080000000, 0x0000000100000000)
  region size 1024K, 8 young (8192K), 2 survivors (2048K)
 Metaspace       used 21307K, committed 21504K, reserved 1114112K
  class space    used 2063K, committed 2176K, reserved 1048576K
}
Event: 1.090 GC heap after
{Heap after GC invocations=3 (full 0):
 garbage-first heap   total 131072K, used 11345K [0x0000000080000000, 0x0000000100000000)
  region size 1024K, 2 young (2048K), 2 survivors (2048K)
 Metaspace       used 21307K, committed 21504K, reserved 1114112K
  class space    used 2063K, committed 2176K, reserved 1048576K
}
Event: 2.498 GC heap before
{Heap before GC invocations=4 (full 0):
 garbage-first heap   total 194560K, used 181329K [0x0000000080000000, 0x0000000100000000)
  region size 1024K, 59 young (60416K), 2 survivors (2048K)
 Metaspace       used 35363K, committed 35712K, reserved 1114112K
  class space    used 3914K, committed 4096K, reserved 1048576K
}
Event: 2.514 GC heap after
{Heap after GC invocations=5 (full 0):
 garbage-first heap   total 194560K, used 52164K [0x0000000080000000, 0x0000000100000000)
  region size 1024K, 10 young (10240K), 10 survivors (10240K)
 Metaspace       used 35363K, committed 35712K, reserved 1114112K
  class space    used 3914K, committed 4096K, reserved 1048576K
}
Event: 2.526 GC heap before
{Heap before GC invocations=5 (full 0):
 garbage-first heap   total 194560K, used 55236K [0x0000000080000000, 0x0000000100000000)
  region size 1024K, 11 young (11264K), 10 survivors (10240K)
 Metaspace       used 35364K, committed 35712K, reserved 1114112K
  class space    used 3914K, committed 4096K, reserved 1048576K
}
Event: 2.538 GC heap after
{Heap after GC invocations=6 (full 0):
 garbage-first heap   total 194560K, used 55020K [0x0000000080000000, 0x0000000100000000)
  region size 1024K, 2 young (2048K), 2 survivors (2048K)
 Metaspace       used 35364K, committed 35712K, reserved 1114112K
  class space    used 3914K, committed 4096K, reserved 1048576K
}
Event: 3.323 GC heap before
{Heap before GC invocations=6 (full 0):
 garbage-first heap   total 194560K, used 150252K [0x0000000080000000, 0x0000000100000000)
  region size 1024K, 88 young (90112K), 2 survivors (2048K)
 Metaspace       used 35816K, committed 36096K, reserved 1114112K
  class space    used 3915K, committed 4096K, reserved 1048576K
}
Event: 3.360 GC heap after
{Heap after GC invocations=7 (full 0):
 garbage-first heap   total 194560K, used 99681K [0x0000000080000000, 0x0000000100000000)
  region size 1024K, 11 young (11264K), 11 survivors (11264K)
 Metaspace       used 35816K, committed 36096K, reserved 1114112K
  class space    used 3915K, committed 4096K, reserved 1048576K
}
Event: 3.576 GC heap before
{Heap before GC invocations=7 (full 0):
 garbage-first heap   total 194560K, used 140641K [0x0000000080000000, 0x0000000100000000)
  region size 1024K, 51 young (52224K), 11 survivors (11264K)
 Metaspace       used 35827K, committed 36160K, reserved 1114112K
  class space    used 3915K, committed 4096K, reserved 1048576K
}
Event: 3.615 GC heap after
{Heap after GC invocations=8 (full 0):
 garbage-first heap   total 414720K, used 119296K [0x0000000080000000, 0x0000000100000000)
  region size 1024K, 7 young (7168K), 7 survivors (7168K)
 Metaspace       used 35827K, committed 36160K, reserved 1114112K
  class space    used 3915K, committed 4096K, reserved 1048576K
}
Event: 3.762 GC heap before
{Heap before GC invocations=8 (full 0):
 garbage-first heap   total 414720K, used 132608K [0x0000000080000000, 0x0000000100000000)
  region size 1024K, 20 young (20480K), 7 survivors (7168K)
 Metaspace       used 35838K, committed 36160K, reserved 1114112K
  class space    used 3915K, committed 4096K, reserved 1048576K
}
Event: 3.778 GC heap after
{Heap after GC invocations=9 (full 0):
 garbage-first heap   total 414720K, used 126464K [0x0000000080000000, 0x0000000100000000)
  region size 1024K, 3 young (3072K), 3 survivors (3072K)
 Metaspace       used 35838K, committed 36160K, reserved 1114112K
  class space    used 3915K, committed 4096K, reserved 1048576K
}
Event: 3.909 GC heap before
{Heap before GC invocations=10 (full 0):
 garbage-first heap   total 414720K, used 143872K [0x0000000080000000, 0x0000000100000000)
  region size 1024K, 20 young (20480K), 3 survivors (3072K)
 Metaspace       used 35820K, committed 36160K, reserved 1114112K
  class space    used 3911K, committed 4096K, reserved 1048576K
}
Event: 3.921 GC heap after
{Heap after GC invocations=11 (full 0):
 garbage-first heap   total 414720K, used 134656K [0x0000000080000000, 0x0000000100000000)
  region size 1024K, 3 young (3072K), 3 survivors (3072K)
 Metaspace       used 35820K, committed 36160K, reserved 1114112K
  class space    used 3911K, committed 4096K, reserved 1048576K
}
Event: 4.293 GC heap before
{Heap before GC invocations=11 (full 0):
 garbage-first heap   total 414720K, used 198144K [0x0000000080000000, 0x0000000100000000)
  region size 1024K, 65 young (66560K), 3 survivors (3072K)
 Metaspace       used 35997K, committed 36352K, reserved 1114112K
  class space    used 3918K, committed 4096K, reserved 1048576K
}
Event: 4.324 GC heap after
{Heap after GC invocations=12 (full 0):
 garbage-first heap   total 414720K, used 164288K [0x0000000080000000, 0x0000000100000000)
  region size 1024K, 9 young (9216K), 9 survivors (9216K)
 Metaspace       used 35997K, committed 36352K, reserved 1114112K
  class space    used 3918K, committed 4096K, reserved 1048576K
}
Event: 4.589 GC heap before
{Heap before GC invocations=12 (full 0):
 garbage-first heap   total 414720K, used 243136K [0x0000000080000000, 0x0000000100000000)
  region size 1024K, 86 young (88064K), 9 survivors (9216K)
 Metaspace       used 36012K, committed 36352K, reserved 1114112K
  class space    used 3918K, committed 4096K, reserved 1048576K
}
Event: 4.643 GC heap after
{Heap after GC invocations=13 (full 0):
 garbage-first heap   total 414720K, used 199680K [0x0000000080000000, 0x0000000100000000)
  region size 1024K, 11 young (11264K), 11 survivors (11264K)
 Metaspace       used 36012K, committed 36352K, reserved 1114112K
  class space    used 3918K, committed 4096K, reserved 1048576K
}
Event: 4.877 GC heap before
{Heap before GC invocations=13 (full 0):
 garbage-first heap   total 414720K, used 278528K [0x0000000080000000, 0x0000000100000000)
  region size 1024K, 88 young (90112K), 11 survivors (11264K)
 Metaspace       used 36019K, committed 36352K, reserved 1114112K
  class space    used 3918K, committed 4096K, reserved 1048576K
}

