# JRE version: OpenJDK Runtime Environment JBR-17.0.7+7-1000.6-jcef (17.0.7+7) (build 17.0.7+7-b1000.6)
# Java VM: OpenJDK 64-Bit Server VM JBR-17.0.7+7-1000.6-jcef (17.0.7+7-b1000.6, mixed mode, tiered, compressed oops, compressed class ptrs, g1 gc, windows-amd64)
GC Precious Log:
 CPUs: 4 total, 4 available
 Memory: 12179M
 Large Page Support: Disabled
 NUMA Support: Disabled
 Compressed Oops: Enabled (32-bit)
 Heap Region Size: 1M
 Heap Min Capacity: 128M
 Heap Initial Capacity: 128M
 Heap Max Capacity: 2G
 Pre-touch: Disabled
 Parallel Workers: 4
 Concurrent Workers: 1
 Concurrent Refinement Workers: 4
 Periodic GC: Disabled
Heap:
 garbage-first heap   total 237568K, used 162816K [0x0000000080000000, 0x0000000100000000)
  region size 1024K, 5 young (5120K), 5 survivors (5120K)
 Metaspace       used 36112K, committed 36480K, reserved 1114112K
  class space    used 3927K, committed 4096K, reserved 1048576K
GC Heap History (20 events):
Event: 2.169 GC heap after
{Heap after GC invocations=5 (full 0):
 garbage-first heap   total 131072K, used 47300K [0x0000000080000000, 0x0000000100000000)
  region size 1024K, 6 young (6144K), 6 survivors (6144K)
 Metaspace       used 34877K, committed 35200K, reserved 1114112K
  class space    used 3890K, committed 4032K, reserved 1048576K
}
Event: 2.218 GC heap before
{Heap before GC invocations=5 (full 0):
 garbage-first heap   total 131072K, used 79044K [0x0000000080000000, 0x0000000100000000)
  region size 1024K, 6 young (6144K), 6 survivors (6144K)
 Metaspace       used 34889K, committed 35200K, reserved 1114112K
  class space    used 3890K, committed 4032K, reserved 1048576K
}
Event: 2.225 GC heap after
{Heap after GC invocations=6 (full 0):
 garbage-first heap   total 131072K, used 62624K [0x0000000080000000, 0x0000000100000000)
  region size 1024K, 0 young (0K), 0 survivors (0K)
 Metaspace       used 34889K, committed 35200K, reserved 1114112K
  class space    used 3890K, committed 4032K, reserved 1048576K
}
Event: 2.488 GC heap before
{Heap before GC invocations=7 (full 0):
 garbage-first heap   total 158720K, used 104608K [0x0000000080000000, 0x0000000100000000)
  region size 1024K, 11 young (11264K), 0 survivors (0K)
 Metaspace       used 35446K, committed 35776K, reserved 1114112K
  class space    used 3921K, committed 4096K, reserved 1048576K
}
Event: 2.495 GC heap after
{Heap after GC invocations=8 (full 0):
 garbage-first heap   total 158720K, used 52102K [0x0000000080000000, 0x0000000100000000)
  region size 1024K, 5 young (5120K), 5 survivors (5120K)
 Metaspace       used 35446K, committed 35776K, reserved 1114112K
  class space    used 3921K, committed 4096K, reserved 1048576K
}
Event: 3.028 GC heap before
{Heap before GC invocations=8 (full 0):
 garbage-first heap   total 158720K, used 115590K [0x0000000080000000, 0x0000000100000000)
  region size 1024K, 59 young (60416K), 5 survivors (5120K)
 Metaspace       used 35805K, committed 36160K, reserved 1114112K
  class space    used 3922K, committed 4096K, reserved 1048576K
}
Event: 3.055 GC heap after
{Heap after GC invocations=9 (full 0):
 garbage-first heap   total 158720K, used 83510K [0x0000000080000000, 0x0000000100000000)
  region size 1024K, 8 young (8192K), 8 survivors (8192K)
 Metaspace       used 35805K, committed 36160K, reserved 1114112K
  class space    used 3922K, committed 4096K, reserved 1048576K
}
Event: 3.271 GC heap before
{Heap before GC invocations=9 (full 0):
 garbage-first heap   total 158720K, used 114230K [0x0000000080000000, 0x0000000100000000)
  region size 1024K, 38 young (38912K), 8 survivors (8192K)
 Metaspace       used 35888K, committed 36224K, reserved 1114112K
  class space    used 3922K, committed 4096K, reserved 1048576K
}
Event: 3.293 GC heap after
{Heap after GC invocations=10 (full 0):
 garbage-first heap   total 190464K, used 98304K [0x0000000080000000, 0x0000000100000000)
  region size 1024K, 5 young (5120K), 5 survivors (5120K)
 Metaspace       used 35888K, committed 36224K, reserved 1114112K
  class space    used 3922K, committed 4096K, reserved 1048576K
}
Event: 3.623 GC heap before
{Heap before GC invocations=11 (full 0):
 garbage-first heap   total 190464K, used 135168K [0x0000000080000000, 0x0000000100000000)
  region size 1024K, 41 young (41984K), 5 survivors (5120K)
 Metaspace       used 35925K, committed 36224K, reserved 1114112K
  class space    used 3919K, committed 4096K, reserved 1048576K
}
Event: 3.645 GC heap after
{Heap after GC invocations=12 (full 0):
 garbage-first heap   total 190464K, used 116224K [0x0000000080000000, 0x0000000100000000)
  region size 1024K, 6 young (6144K), 6 survivors (6144K)
 Metaspace       used 35925K, committed 36224K, reserved 1114112K
  class space    used 3919K, committed 4096K, reserved 1048576K
}
Event: 3.686 GC heap before
{Heap before GC invocations=12 (full 0):
 garbage-first heap   total 190464K, used 119296K [0x0000000080000000, 0x0000000100000000)
  region size 1024K, 9 young (9216K), 6 survivors (6144K)
 Metaspace       used 35925K, committed 36224K, reserved 1114112K
  class space    used 3919K, committed 4096K, reserved 1048576K
}
Event: 3.712 GC heap after
{Heap after GC invocations=13 (full 0):
 garbage-first heap   total 190464K, used 119296K [0x0000000080000000, 0x0000000100000000)
  region size 1024K, 2 young (2048K), 2 survivors (2048K)
 Metaspace       used 35925K, committed 36224K, reserved 1114112K
  class space    used 3919K, committed 4096K, reserved 1048576K
}
Event: 3.822 GC heap before
{Heap before GC invocations=13 (full 0):
 garbage-first heap   total 190464K, used 143872K [0x0000000080000000, 0x0000000100000000)
  region size 1024K, 26 young (26624K), 2 survivors (2048K)
 Metaspace       used 35936K, committed 36288K, reserved 1114112K
  class space    used 3919K, committed 4096K, reserved 1048576K
}
Event: 3.833 GC heap after
{Heap after GC invocations=14 (full 0):
 garbage-first heap   total 190464K, used 130048K [0x0000000080000000, 0x0000000100000000)
  region size 1024K, 4 young (4096K), 4 survivors (4096K)
 Metaspace       used 35936K, committed 36288K, reserved 1114112K
  class space    used 3919K, committed 4096K, reserved 1048576K
}
Event: 4.021 GC heap before
{Heap before GC invocations=14 (full 0):
 garbage-first heap   total 190464K, used 149504K [0x0000000080000000, 0x0000000100000000)
  region size 1024K, 23 young (23552K), 4 survivors (4096K)
 Metaspace       used 35947K, committed 36288K, reserved 1114112K
  class space    used 3919K, committed 4096K, reserved 1048576K
}
Event: 4.035 GC heap after
{Heap after GC invocations=15 (full 0):
 garbage-first heap   total 190464K, used 139264K [0x0000000080000000, 0x0000000100000000)
  region size 1024K, 3 young (3072K), 3 survivors (3072K)
 Metaspace       used 35947K, committed 36288K, reserved 1114112K
  class space    used 3919K, committed 4096K, reserved 1048576K
}
Event: 4.189 GC heap before
{Heap before GC invocations=16 (full 0):
 garbage-first heap   total 237568K, used 153600K [0x0000000080000000, 0x0000000100000000)
  region size 1024K, 17 young (17408K), 3 survivors (3072K)
 Metaspace       used 35998K, committed 36288K, reserved 1114112K
  class space    used 3919K, committed 4096K, reserved 1048576K
}
Event: 4.199 GC heap after
{Heap after GC invocations=17 (full 0):
 garbage-first heap   total 237568K, used 146338K [0x0000000080000000, 0x0000000100000000)
  region size 1024K, 3 young (3072K), 3 survivors (3072K)
 Metaspace       used 35998K, committed 36288K, reserved 1114112K
  class space    used 3919K, committed 4096K, reserved 1048576K
}
Event: 4.384 GC heap before
{Heap before GC invocations=17 (full 0):
 garbage-first heap   total 237568K, used 179106K [0x0000000080000000, 0x0000000100000000)
  region size 1024K, 35 young (35840K), 3 survivors (3072K)
 Metaspace       used 36112K, committed 36480K, reserved 1114112K
  class space    used 3927K, committed 4096K, reserved 1048576K
}

