# JRE version: Java(TM) SE Runtime Environment (17.0.2+8) (build 17.0.2+8-LTS-86)
# Java VM: Java HotSpot(TM) 64-Bit Server VM (17.0.2+8-LTS-86, mixed mode, sharing, tiered, compressed oops, compressed class ptrs, g1 gc, windows-amd64)
GC Precious Log:
 CPUs: 4 total, 4 available
 Memory: 12179M
 Large Page Support: Disabled
 NUMA Support: Disabled
 Compressed Oops: Enabled (Zero based)
 Heap Region Size: 2M
 Heap Min Capacity: 8M
 Heap Initial Capacity: 192M
 Heap Max Capacity: 3046M
 Pre-touch: Disabled
 Parallel Workers: 4
 Concurrent Workers: 1
 Concurrent Refinement Workers: 4
 Periodic GC: Disabled
Heap:
 garbage-first heap   total 204800K, used 69522K [0x0000000741a00000, 0x0000000800000000)
  region size 2048K, 9 young (18432K), 2 survivors (4096K)
 Metaspace       used 33617K, committed 33984K, reserved 1081344K
  class space    used 3784K, committed 3968K, reserved 1048576K
GC Heap History (20 events):
Event: 39.385 GC heap before
{Heap before GC invocations=8 (full 0):
 garbage-first heap   total 108544K, used 73856K [0x0000000741a00000, 0x0000000800000000)
  region size 2048K, 16 young (32768K), 1 survivors (2048K)
 Metaspace       used 27308K, committed 27584K, reserved 1081344K
  class space    used 3115K, committed 3264K, reserved 1048576K
}
Event: 39.400 GC heap after
{Heap after GC invocations=9 (full 0):
 garbage-first heap   total 108544K, used 50026K [0x0000000741a00000, 0x0000000800000000)
  region size 2048K, 2 young (4096K), 2 survivors (4096K)
 Metaspace       used 27308K, committed 27584K, reserved 1081344K
  class space    used 3115K, committed 3264K, reserved 1048576K
}
Event: 41.636 GC heap before
{Heap before GC invocations=10 (full 0):
 garbage-first heap   total 108544K, used 76650K [0x0000000741a00000, 0x0000000800000000)
  region size 2048K, 16 young (32768K), 2 survivors (4096K)
 Metaspace       used 28756K, committed 29120K, reserved 1081344K
  class space    used 3287K, committed 3456K, reserved 1048576K
}
Event: 41.650 GC heap after
{Heap after GC invocations=11 (full 0):
 garbage-first heap   total 108544K, used 51255K [0x0000000741a00000, 0x0000000800000000)
  region size 2048K, 1 young (2048K), 1 survivors (2048K)
 Metaspace       used 28756K, committed 29120K, reserved 1081344K
  class space    used 3287K, committed 3456K, reserved 1048576K
}
Event: 45.577 GC heap before
{Heap before GC invocations=11 (full 0):
 garbage-first heap   total 108544K, used 79927K [0x0000000741a00000, 0x0000000800000000)
  region size 2048K, 15 young (30720K), 1 survivors (2048K)
 Metaspace       used 30753K, committed 31104K, reserved 1081344K
  class space    used 3501K, committed 3648K, reserved 1048576K
}
Event: 45.590 GC heap after
{Heap after GC invocations=12 (full 0):
 garbage-first heap   total 108544K, used 53229K [0x0000000741a00000, 0x0000000800000000)
  region size 2048K, 2 young (4096K), 2 survivors (4096K)
 Metaspace       used 30753K, committed 31104K, reserved 1081344K
  class space    used 3501K, committed 3648K, reserved 1048576K
}
Event: 48.990 GC heap before
{Heap before GC invocations=13 (full 0):
 garbage-first heap   total 108544K, used 81901K [0x0000000741a00000, 0x0000000800000000)
  region size 2048K, 16 young (32768K), 2 survivors (4096K)
 Metaspace       used 30828K, committed 31168K, reserved 1081344K
  class space    used 3505K, committed 3648K, reserved 1048576K
}
Event: 49.010 GC heap after
{Heap after GC invocations=14 (full 0):
 garbage-first heap   total 108544K, used 66388K [0x0000000741a00000, 0x0000000800000000)
  region size 2048K, 2 young (4096K), 2 survivors (4096K)
 Metaspace       used 30828K, committed 31168K, reserved 1081344K
  class space    used 3505K, committed 3648K, reserved 1048576K
}
Event: 49.260 GC heap before
{Heap before GC invocations=14 (full 0):
 garbage-first heap   total 108544K, used 68436K [0x0000000741a00000, 0x0000000800000000)
  region size 2048K, 3 young (6144K), 2 survivors (4096K)
 Metaspace       used 30829K, committed 31168K, reserved 1081344K
  class space    used 3505K, committed 3648K, reserved 1048576K
}
Event: 49.267 GC heap after
{Heap after GC invocations=15 (full 0):
 garbage-first heap   total 108544K, used 57455K [0x0000000741a00000, 0x0000000800000000)
  region size 2048K, 1 young (2048K), 1 survivors (2048K)
 Metaspace       used 30829K, committed 31168K, reserved 1081344K
  class space    used 3505K, committed 3648K, reserved 1048576K
}
Event: 49.628 GC heap before
{Heap before GC invocations=15 (full 0):
 garbage-first heap   total 108544K, used 59503K [0x0000000741a00000, 0x0000000800000000)
  region size 2048K, 2 young (4096K), 1 survivors (2048K)
 Metaspace       used 30830K, committed 31168K, reserved 1081344K
  class space    used 3505K, committed 3648K, reserved 1048576K
}
Event: 49.641 GC heap after
{Heap after GC invocations=16 (full 0):
 garbage-first heap   total 108544K, used 53803K [0x0000000741a00000, 0x0000000800000000)
  region size 2048K, 1 young (2048K), 1 survivors (2048K)
 Metaspace       used 30830K, committed 31168K, reserved 1081344K
  class space    used 3505K, committed 3648K, reserved 1048576K
}
Event: 51.166 GC heap before
{Heap before GC invocations=16 (full 0):
 garbage-first heap   total 108544K, used 76331K [0x0000000741a00000, 0x0000000800000000)
  region size 2048K, 12 young (24576K), 1 survivors (2048K)
 Metaspace       used 30839K, committed 31168K, reserved 1081344K
  class space    used 3505K, committed 3648K, reserved 1048576K
}
Event: 51.176 GC heap after
{Heap after GC invocations=17 (full 0):
 garbage-first heap   total 108544K, used 62205K [0x0000000741a00000, 0x0000000800000000)
  region size 2048K, 2 young (4096K), 2 survivors (4096K)
 Metaspace       used 30839K, committed 31168K, reserved 1081344K
  class space    used 3505K, committed 3648K, reserved 1048576K
}
Event: 52.360 GC heap before
{Heap before GC invocations=18 (full 0):
 garbage-first heap   total 108544K, used 74493K [0x0000000741a00000, 0x0000000800000000)
  region size 2048K, 10 young (20480K), 2 survivors (4096K)
 Metaspace       used 29226K, committed 30080K, reserved 1081344K
  class space    used 3301K, committed 3584K, reserved 1048576K
}
Event: 52.372 GC heap after
{Heap after GC invocations=19 (full 0):
 garbage-first heap   total 108544K, used 62871K [0x0000000741a00000, 0x0000000800000000)
  region size 2048K, 2 young (4096K), 2 survivors (4096K)
 Metaspace       used 29226K, committed 30080K, reserved 1081344K
  class space    used 3301K, committed 3584K, reserved 1048576K
}
Event: 52.593 GC heap before
{Heap before GC invocations=19 (full 0):
 garbage-first heap   total 108544K, used 62871K [0x0000000741a00000, 0x0000000800000000)
  region size 2048K, 3 young (6144K), 2 survivors (4096K)
 Metaspace       used 29304K, committed 30080K, reserved 1081344K
  class space    used 3312K, committed 3584K, reserved 1048576K
}
Event: 52.606 GC heap after
{Heap after GC invocations=20 (full 0):
 garbage-first heap   total 204800K, used 55375K [0x0000000741a00000, 0x0000000800000000)
  region size 2048K, 1 young (2048K), 1 survivors (2048K)
 Metaspace       used 29304K, committed 30080K, reserved 1081344K
  class space    used 3312K, committed 3584K, reserved 1048576K
}
Event: 65.475 GC heap before
{Heap before GC invocations=20 (full 0):
 garbage-first heap   total 204800K, used 120911K [0x0000000741a00000, 0x0000000800000000)
  region size 2048K, 33 young (67584K), 1 survivors (2048K)
 Metaspace       used 32207K, committed 32576K, reserved 1081344K
  class space    used 3601K, committed 3776K, reserved 1048576K
}
Event: 65.482 GC heap after
{Heap after GC invocations=21 (full 0):
 garbage-first heap   total 204800K, used 57234K [0x0000000741a00000, 0x0000000800000000)
  region size 2048K, 2 young (4096K), 2 survivors (4096K)
 Metaspace       used 32207K, committed 32576K, reserved 1081344K
  class space    used 3601K, committed 3776K, reserved 1048576K
}

