# JRE version: OpenJDK Runtime Environment JBR-17.0.7+7-1000.6-jcef (17.0.7+7) (build 17.0.7+7-b1000.6)
# Java VM: OpenJDK 64-Bit Server VM JBR-17.0.7+7-1000.6-jcef (17.0.7+7-b1000.6, mixed mode, tiered, compressed oops, compressed class ptrs, g1 gc, windows-amd64)
GC Precious Log:
 CPUs: 4 total, 4 available
 Memory: 12179M
 Large Page Support: Disabled
 NUMA Support: Disabled
 Compressed Oops: Enabled (32-bit)
 Heap Region Size: 1M
 Heap Min Capacity: 128M
 Heap Initial Capacity: 128M
 Heap Max Capacity: 2G
 Pre-touch: Disabled
 Parallel Workers: 4
 Concurrent Workers: 1
 Concurrent Refinement Workers: 4
 Periodic GC: Disabled
Heap:
 garbage-first heap   total 565248K, used 371200K [0x0000000080000000, 0x0000000100000000)
  region size 1024K, 4 young (4096K), 4 survivors (4096K)
 Metaspace       used 39197K, committed 39488K, reserved 1114112K
  class space    used 4217K, committed 4352K, reserved 1048576K
GC Heap History (20 events):
Event: 4.175 GC heap after
{Heap after GC invocations=14 (full 0):
 garbage-first heap   total 252928K, used 141824K [0x0000000080000000, 0x0000000100000000)
  region size 1024K, 4 young (4096K), 4 survivors (4096K)
 Metaspace       used 35916K, committed 36224K, reserved 1114112K
  class space    used 3917K, committed 4096K, reserved 1048576K
}
Event: 4.449 GC heap before
{Heap before GC invocations=15 (full 0):
 garbage-first heap   total 252928K, used 183808K [0x0000000080000000, 0x0000000100000000)
  region size 1024K, 45 young (46080K), 4 survivors (4096K)
 Metaspace       used 36046K, committed 36352K, reserved 1114112K
  class space    used 3924K, committed 4096K, reserved 1048576K
}
Event: 4.471 GC heap after
{Heap after GC invocations=16 (full 0):
 garbage-first heap   total 252928K, used 161792K [0x0000000080000000, 0x0000000100000000)
  region size 1024K, 6 young (6144K), 6 survivors (6144K)
 Metaspace       used 36046K, committed 36352K, reserved 1114112K
  class space    used 3924K, committed 4096K, reserved 1048576K
}
Event: 4.622 GC heap before
{Heap before GC invocations=16 (full 0):
 garbage-first heap   total 252928K, used 192512K [0x0000000080000000, 0x0000000100000000)
  region size 1024K, 37 young (37888K), 6 survivors (6144K)
 Metaspace       used 36052K, committed 36416K, reserved 1114112K
  class space    used 3925K, committed 4096K, reserved 1048576K
}
Event: 4.645 GC heap after
{Heap after GC invocations=17 (full 0):
 garbage-first heap   total 252928K, used 177152K [0x0000000080000000, 0x0000000100000000)
  region size 1024K, 5 young (5120K), 5 survivors (5120K)
 Metaspace       used 36052K, committed 36416K, reserved 1114112K
  class space    used 3925K, committed 4096K, reserved 1048576K
}
Event: 4.826 GC heap before
{Heap before GC invocations=17 (full 0):
 garbage-first heap   total 252928K, used 200704K [0x0000000080000000, 0x0000000100000000)
  region size 1024K, 28 young (28672K), 5 survivors (5120K)
 Metaspace       used 36053K, committed 36416K, reserved 1114112K
  class space    used 3925K, committed 4096K, reserved 1048576K
}
Event: 4.842 GC heap after
{Heap after GC invocations=18 (full 0):
 garbage-first heap   total 252928K, used 187904K [0x0000000080000000, 0x0000000100000000)
  region size 1024K, 4 young (4096K), 4 survivors (4096K)
 Metaspace       used 36053K, committed 36416K, reserved 1114112K
  class space    used 3925K, committed 4096K, reserved 1048576K
}
Event: 4.967 GC heap before
{Heap before GC invocations=18 (full 0):
 garbage-first heap   total 252928K, used 206336K [0x0000000080000000, 0x0000000100000000)
  region size 1024K, 22 young (22528K), 4 survivors (4096K)
 Metaspace       used 36053K, committed 36416K, reserved 1114112K
  class space    used 3925K, committed 4096K, reserved 1048576K
}
Event: 4.982 GC heap after
{Heap after GC invocations=19 (full 0):
 garbage-first heap   total 505856K, used 196608K [0x0000000080000000, 0x0000000100000000)
  region size 1024K, 3 young (3072K), 3 survivors (3072K)
 Metaspace       used 36053K, committed 36416K, reserved 1114112K
  class space    used 3925K, committed 4096K, reserved 1048576K
}
Event: 5.625 GC heap before
{Heap before GC invocations=20 (full 0):
 garbage-first heap   total 505856K, used 325632K [0x0000000080000000, 0x0000000100000000)
  region size 1024K, 129 young (132096K), 3 survivors (3072K)
 Metaspace       used 36062K, committed 36416K, reserved 1114112K
  class space    used 3925K, committed 4096K, reserved 1048576K
}
Event: 5.677 GC heap after
{Heap after GC invocations=21 (full 0):
 garbage-first heap   total 505856K, used 251846K [0x0000000080000000, 0x0000000100000000)
  region size 1024K, 17 young (17408K), 17 survivors (17408K)
 Metaspace       used 36062K, committed 36416K, reserved 1114112K
  class space    used 3925K, committed 4096K, reserved 1048576K
}
Event: 5.925 GC heap before
{Heap before GC invocations=21 (full 0):
 garbage-first heap   total 505856K, used 295878K [0x0000000080000000, 0x0000000100000000)
  region size 1024K, 24 young (24576K), 17 survivors (17408K)
 Metaspace       used 37551K, committed 37888K, reserved 1114112K
  class space    used 4115K, committed 4288K, reserved 1048576K
}
Event: 5.953 GC heap after
{Heap after GC invocations=22 (full 0):
 garbage-first heap   total 505856K, used 254464K [0x0000000080000000, 0x0000000100000000)
  region size 1024K, 2 young (2048K), 2 survivors (2048K)
 Metaspace       used 37551K, committed 37888K, reserved 1114112K
  class space    used 4115K, committed 4288K, reserved 1048576K
}
Event: 6.631 GC heap before
{Heap before GC invocations=22 (full 0):
 garbage-first heap   total 505856K, used 341504K [0x0000000080000000, 0x0000000100000000)
  region size 1024K, 87 young (89088K), 2 survivors (2048K)
 Metaspace       used 38958K, committed 39232K, reserved 1114112K
  class space    used 4205K, committed 4352K, reserved 1048576K
}
Event: 6.670 GC heap after
{Heap after GC invocations=23 (full 0):
 garbage-first heap   total 505856K, used 294400K [0x0000000080000000, 0x0000000100000000)
  region size 1024K, 11 young (11264K), 11 survivors (11264K)
 Metaspace       used 38958K, committed 39232K, reserved 1114112K
  class space    used 4205K, committed 4352K, reserved 1048576K
}
Event: 7.264 GC heap before
{Heap before GC invocations=23 (full 0):
 garbage-first heap   total 505856K, used 367104K [0x0000000080000000, 0x0000000100000000)
  region size 1024K, 82 young (83968K), 11 survivors (11264K)
 Metaspace       used 39152K, committed 39424K, reserved 1114112K
  class space    used 4217K, committed 4352K, reserved 1048576K
}
Event: 7.327 GC heap after
{Heap after GC invocations=24 (full 0):
 garbage-first heap   total 505856K, used 333312K [0x0000000080000000, 0x0000000100000000)
  region size 1024K, 11 young (11264K), 11 survivors (11264K)
 Metaspace       used 39152K, committed 39424K, reserved 1114112K
  class space    used 4217K, committed 4352K, reserved 1048576K
}
Event: 7.779 GC heap before
{Heap before GC invocations=25 (full 0):
 garbage-first heap   total 565248K, used 383488K [0x0000000080000000, 0x0000000100000000)
  region size 1024K, 66 young (67584K), 11 survivors (11264K)
 Metaspace       used 39194K, committed 39488K, reserved 1114112K
  class space    used 4217K, committed 4352K, reserved 1048576K
}
Event: 7.841 GC heap after
{Heap after GC invocations=26 (full 0):
 garbage-first heap   total 565248K, used 361472K [0x0000000080000000, 0x0000000100000000)
  region size 1024K, 9 young (9216K), 9 survivors (9216K)
 Metaspace       used 39194K, committed 39488K, reserved 1114112K
  class space    used 4217K, committed 4352K, reserved 1048576K
}
Event: 7.886 GC heap before
{Heap before GC invocations=26 (full 0):
 garbage-first heap   total 565248K, used 379904K [0x0000000080000000, 0x0000000100000000)
  region size 1024K, 27 young (27648K), 9 survivors (9216K)
 Metaspace       used 39197K, committed 39488K, reserved 1114112K
  class space    used 4217K, committed 4352K, reserved 1048576K
}

